In file included from [01m[K/home/y/SA_CAO/src/sub0227/include/sub0227/slros2_initialize.h:7[m[K,
                 from [01m[K/home/y/SA_CAO/src/sub0227/include/sub0227/Sub0227.h:22[m[K,
                 from [01m[K/home/y/SA_CAO/src/sub0227/src/Sub0227_data.cpp:19[m[K:
[01m[K/home/y/SA_CAO/src/sub0227/include/sub0227/slros2_generic_pubsub.h:[m[K In member function â€˜[01m[Kvoid SimulinkSubscriber<MsgType, BusType>::createSubscriber(const string&, const rmw_qos_profile_t&)[m[Kâ€™:
[01m[K/home/y/SA_CAO/src/sub0227/include/sub0227/slros2_generic_pubsub.h:107:42:[m[K [01;31m[Kerror: [m[Kâ€˜[01m[Kstruct rclcpp::SubscriptionEventCallbacks[m[Kâ€™ has no member named â€˜[01m[Kmessage_lost_callback[m[Kâ€™
  107 |     subscription_options.event_callbacks.[01;31m[Kmessage_lost_callback[m[K = [this, topic](const rclcpp::QOSMessageLostInfo& event) {
      |                                          [01;31m[K^~~~~~~~~~~~~~~~~~~~~[m[K
[01m[K/home/y/SA_CAO/src/sub0227/include/sub0227/slros2_generic_pubsub.h:107:94:[m[K [01;31m[Kerror: [m[Kâ€˜[01m[KQOSMessageLostInfo[m[Kâ€™ in namespace â€˜[01m[Krclcpp[m[Kâ€™ does not name a type
  107 |     subscription_options.event_callbacks.message_lost_callback = [this, topic](const rclcpp::[01;31m[KQOSMessageLostInfo[m[K& event) {
      |                                                                                              [01;31m[K^~~~~~~~~~~~~~~~~~[m[K
[01m[K/home/y/SA_CAO/src/sub0227/include/sub0227/slros2_generic_pubsub.h:109:6:[m[K [01;31m[Kerror: [m[Kexpected â€˜[01m[K)[m[Kâ€™ before â€˜[01m[K;[m[Kâ€™ token
  109 |     }[01;31m[K;[m[K
      |      [01;31m[K^[m[K
      |      [32m[K)[m[K
[01m[K/home/y/SA_CAO/src/sub0227/include/sub0227/slros2_generic_pubsub.h:107:79:[m[K [01;36m[Knote: [m[Kto match this â€˜[01m[K([m[Kâ€™
  107 |     subscription_options.event_callbacks.message_lost_callback = [this, topic][01;36m[K([m[Kconst rclcpp::QOSMessageLostInfo& event) {
      |                                                                               [01;36m[K^[m[K
[01m[K/home/y/SA_CAO/src/sub0227/include/sub0227/slros2_generic_pubsub.h:[m[K In lambda function:
[01m[K/home/y/SA_CAO/src/sub0227/include/sub0227/slros2_generic_pubsub.h:109:6:[m[K [01;31m[Kerror: [m[Kexpected â€˜[01m[K{[m[Kâ€™ before â€˜[01m[K;[m[Kâ€™ token
  109 |     }[01;31m[K;[m[K
      |      [01;31m[K^[m[K
In file included from [01m[K/home/y/SA_CAO/src/sub0227/include/sub0227/slros2_initialize.h:7[m[K,
                 from [01m[K/home/y/SA_CAO/src/sub0227/include/sub0227/Sub0227.h:22[m[K,
                 from [01m[K/home/y/SA_CAO/src/sub0227/src/Sub0227.cpp:19[m[K:
[01m[K/home/y/SA_CAO/src/sub0227/include/sub0227/slros2_generic_pubsub.h:[m[K In member function â€˜[01m[Kvoid SimulinkSubscriber<MsgType, BusType>::createSubscriber(const string&, const rmw_qos_profile_t&)[m[Kâ€™:
[01m[K/home/y/SA_CAO/src/sub0227/include/sub0227/slros2_generic_pubsub.h:107:42:[m[K [01;31m[Kerror: [m[Kâ€˜[01m[Kstruct rclcpp::SubscriptionEventCallbacks[m[Kâ€™ has no member named â€˜[01m[Kmessage_lost_callback[m[Kâ€™
  107 | n_options.event_callbacks.[01;31m[Kmessage_lost_callback[m[K = [this, topic](const rclcpp::QOSMessageLostInfo& event) {
      |                           [01;31m[K^~~~~~~~~~~~~~~~~~~~~[m[K

[01m[K/home/y/SA_CAO/src/sub0227/include/sub0227/slros2_generic_pubsub.h:107:94:[m[K [01;31m[Kerror: [m[Kâ€˜[01m[KQOSMessageLostInfo[m[Kâ€™ in namespace â€˜[01m[Krclcpp[m[Kâ€™ does not name a type
  107 | his, topic](const rclcpp::[01;31m[KQOSMessageLostInfo[m[K& event) {
      |                           [01;31m[K^~~~~~~~~~~~~~~~~~[m[K

[01m[K/home/y/SA_CAO/src/sub0227/include/sub0227/slros2_generic_pubsub.h:109:6:[m[K [01;31m[Kerror: [m[Kexpected â€˜[01m[K)[m[Kâ€™ before â€˜[01m[K;[m[Kâ€™ token
  109 |     }[01;31m[K;[m[K
      |      [01;31m[K^[m[K
      |      [32m[K)[m[K
[01m[K/home/y/SA_CAO/src/sub0227/include/sub0227/slros2_generic_pubsub.h:107:79:[m[K [01;36m[Knote: [m[Kto match this â€˜[01m[K([m[Kâ€™
  107 | t_callback = [this, topic][01;36m[K([m[Kconst rclcpp::QOSMessageLostInfo& event) {
      |                           [01;36m[K^[m[K

[01m[K/home/y/SA_CAO/src/sub0227/include/sub0227/slros2_generic_pubsub.h:[m[K In lambda function:
[01m[K/home/y/SA_CAO/src/sub0227/include/sub0227/slros2_generic_pubsub.h:109:6:[m[K [01;31m[Kerror: [m[Kexpected â€˜[01m[K{[m[Kâ€™ before â€˜[01m[K;[m[Kâ€™ token
  109 |     }[01;31m[K;[m[K
      |      [01;31m[K^[m[K
make[2]: *** [CMakeFiles/Sub0227.dir/build.make:79: CMakeFiles/Sub0227.dir/src/Sub0227_data.cpp.o] Error 1
make[2]: *** Waiting for unfinished jobs....
make[2]: *** [CMakeFiles/Sub0227.dir/build.make:66: CMakeFiles/Sub0227.dir/src/Sub0227.cpp.o] Error 1
make[1]: *** [CMakeFiles/Makefile2:81: CMakeFiles/Sub0227.dir/all] Error 2
make: *** [Makefile:144: all] Error 2
