[0.000000] (-) TimerEvent: {}
[0.000045] (-) JobUnselected: {'identifier': 'my_xbox_joystick'}
[0.000094] (-) JobUnselected: {'identifier': 'robot_launch'}
[0.000112] (sub0227) JobQueued: {'identifier': 'sub0227', 'dependencies': OrderedDict()}
[0.000774] (sub0227) JobStarted: {'identifier': 'sub0227'}
[0.015410] (sub0227) JobProgress: {'identifier': 'sub0227', 'progress': 'cmake'}
[0.016587] (sub0227) JobProgress: {'identifier': 'sub0227', 'progress': 'build'}
[0.019018] (sub0227) Command: {'cmd': ['/usr/bin/cmake', '--build', '/home/y/SA_CAO/build/sub0227', '--', '-j2', '-l2'], 'cwd': '/home/y/SA_CAO/build/sub0227', 'env': OrderedDict([('USER', 'y'), ('SSH_CLIENT', '192.168.134.1 3237 22'), ('XDG_SESSION_TYPE', 'tty'), ('SHLVL', '1'), ('LD_LIBRARY_PATH', '/home/y/SA_CAO/install/diablo_body/lib:/home/y/SA_CAO/install/diablo_utils/lib:/home/y/SA_CAO/install/diablo_rviz2_control_plugin/lib:/home/y/SA_CAO/install/motion_msgs/lib:/home/y/SA_CAO/install/ception_msgs/lib:/home/y/ws/install/turtlebot3_msgs/lib:/home/y/ws/install/dynamixel_sdk_custom_interfaces/lib:/home/y/ws/install/dynamixel_sdk/lib:/usr/lib/x86_64-linux-gnu/gazebo-11/plugins:/opt/ros/foxy/opt/yaml_cpp_vendor/lib:/opt/ros/foxy/opt/rviz_ogre_vendor/lib:/opt/ros/foxy/lib/x86_64-linux-gnu:/opt/ros/foxy/lib'), ('MOTD_SHOWN', 'pam'), ('HOME', '/home/y'), ('OLDPWD', '/home/y'), ('ROS_PYTHON_VERSION', '3'), ('DBUS_SESSION_BUS_ADDRESS', 'unix:path=/run/user/1000/bus'), ('COLCON_PREFIX_PATH', '/home/y/SA_CAO/install:/home/y/ws/install:/home/y/oradar_ros/install'), ('ROS_DISTRO', 'foxy'), ('LOGNAME', 'y'), ('_', '/usr/bin/colcon'), ('ROS_VERSION', '2'), ('XDG_SESSION_CLASS', 'user'), ('XDG_SESSION_ID', '18'), ('ROS_LOCALHOST_ONLY', '0'), ('PATH', '/home/y/oradar_ros/install/oradar_lidar/bin:/opt/ros/foxy/bin:/usr/local/sbin:/usr/local/bin:/usr/sbin:/usr/bin:/sbin:/bin:/usr/games:/usr/local/games:/snap/bin'), ('XDG_RUNTIME_DIR', '/run/user/1000'), ('LANG', 'en_US.UTF-8'), ('AMENT_PREFIX_PATH', '/home/y/SA_CAO/install/sub0227:/home/y/SA_CAO/install/robot_launch:/home/y/SA_CAO/install/my_xbox_joystick:/home/y/SA_CAO/install/diablo_simpose_trans:/home/y/SA_CAO/install/diablo_ctrl:/home/y/SA_CAO/install/diablo_body:/home/y/SA_CAO/install/diablo_utils:/home/y/SA_CAO/install/diablo_teleop:/home/y/SA_CAO/install/diablo_rviz2_control_plugin:/home/y/SA_CAO/install/motion_msgs:/home/y/SA_CAO/install/diablo_simulation:/home/y/SA_CAO/install/ception_msgs:/home/y/ws/install/turtlebot3:/home/y/ws/install/turtlebot3_teleop:/home/y/ws/install/turtlebot3_simulations:/home/y/ws/install/turtlebot3_bringup:/home/y/ws/install/turtlebot3_node:/home/y/ws/install/turtlebot3_navigation2:/home/y/ws/install/turtlebot3_fake_node:/home/y/ws/install/turtlebot3_example:/home/y/ws/install/turtlebot3_msgs:/home/y/ws/install/turtlebot3_gazebo:/home/y/ws/install/turtlebot3_description:/home/y/ws/install/turtlebot3_cartographer:/home/y/ws/install/sub0227:/home/y/ws/install/robot_launch:/home/y/ws/install/my_xbox_joystick:/home/y/ws/install/hls_lfcd_lds_driver:/home/y/ws/install/dynamixel_sdk_examples:/home/y/ws/install/dynamixel_sdk_custom_interfaces:/home/y/ws/install/dynamixel_sdk:/home/y/oradar_ros/install/oradar_lidar:/opt/ros/foxy'), ('SHELL', '/bin/bash'), ('PWD', '/home/y/SA_CAO/build/sub0227'), ('LC_ALL', 'C'), ('SSH_CONNECTION', '192.168.134.1 3237 192.168.134.129 22'), ('PYTHONPATH', '/home/y/SA_CAO/install/robot_launch/lib/python3.8/site-packages:/home/y/SA_CAO/install/my_xbox_joystick/lib/python3.8/site-packages:/home/y/SA_CAO/install/diablo_teleop/lib/python3.8/site-packages:/home/y/SA_CAO/install/motion_msgs/lib/python3.8/site-packages:/home/y/SA_CAO/install/diablo_simulation/lib/python3.8/site-packages:/home/y/SA_CAO/install/ception_msgs/lib/python3.8/site-packages:/home/y/ws/install/turtlebot3_teleop/lib/python3.8/site-packages:/home/y/ws/install/turtlebot3_example/lib/python3.8/site-packages:/home/y/ws/install/turtlebot3_msgs/lib/python3.8/site-packages:/home/y/ws/install/robot_launch/lib/python3.8/site-packages:/home/y/ws/install/my_xbox_joystick/lib/python3.8/site-packages:/home/y/ws/install/dynamixel_sdk_custom_interfaces/lib/python3.8/site-packages:/opt/ros/foxy/lib/python3.8/site-packages'), ('COLCON', '1'), ('CMAKE_PREFIX_PATH', '/home/y/SA_CAO/install/sub0227:/home/y/SA_CAO/install/diablo_simpose_trans:/home/y/SA_CAO/install/diablo_ctrl:/home/y/SA_CAO/install/diablo_body:/home/y/SA_CAO/install/diablo_utils:/home/y/SA_CAO/install/diablo_rviz2_control_plugin:/home/y/SA_CAO/install/motion_msgs:/home/y/SA_CAO/install/ception_msgs:/home/y/ws/install/turtlebot3:/home/y/ws/install/turtlebot3_simulations:/home/y/ws/install/turtlebot3_bringup:/home/y/ws/install/turtlebot3_node:/home/y/ws/install/turtlebot3_navigation2:/home/y/ws/install/turtlebot3_fake_node:/home/y/ws/install/turtlebot3_msgs:/home/y/ws/install/turtlebot3_gazebo:/home/y/ws/install/turtlebot3_description:/home/y/ws/install/turtlebot3_cartographer:/home/y/ws/install/sub0227:/home/y/ws/install/hls_lfcd_lds_driver:/home/y/ws/install/dynamixel_sdk_examples:/home/y/ws/install/dynamixel_sdk_custom_interfaces:/home/y/ws/install/dynamixel_sdk:/home/y/SA_CAO/install/robot_launch:/home/y/SA_CAO/install/my_xbox_joystick:/home/y/SA_CAO/install/diablo_teleop:/home/y/SA_CAO/install/diablo_simulation:/home/y/ws/install/turtlebot3_teleop:/home/y/ws/install/turtlebot3_example:/home/y/ws/install/robot_launch:/home/y/ws/install/my_xbox_joystick:/opt/ros/foxy:/home/y/oradar_ros/install/oradar_lidar')]), 'shell': False}
[0.038500] (sub0227) StdoutLine: {'line': b'/usr/bin/cmake -S/home/y/SA_CAO/src/sub0227 -B/home/y/SA_CAO/build/sub0227 --check-build-system CMakeFiles/Makefile.cmake 0\n'}
[0.056116] (sub0227) StdoutLine: {'line': b'-- Found ament_cmake: 0.9.12 (/opt/ros/foxy/share/ament_cmake/cmake)\n'}
[0.080755] (sub0227) StdoutLine: {'line': b'-- Using PYTHON_EXECUTABLE: /usr/bin/python3\n'}
[0.099939] (-) TimerEvent: {}
[0.200367] (-) TimerEvent: {}
[0.286548] (sub0227) StdoutLine: {'line': b'-- Found ament_cmake_ros: 0.9.2 (/opt/ros/foxy/share/ament_cmake_ros/cmake)\n'}
[0.290246] (sub0227) StdoutLine: {'line': b'-- Found geometry_msgs: 2.0.5 (/opt/ros/foxy/share/geometry_msgs/cmake)\n'}
[0.301355] (-) TimerEvent: {}
[0.314366] (sub0227) StdoutLine: {'line': b'-- Using all available rosidl_typesupport_c: rosidl_typesupport_fastrtps_c;rosidl_typesupport_introspection_c\n'}
[0.321861] (sub0227) StdoutLine: {'line': b'-- Found rosidl_adapter: 1.3.1 (/opt/ros/foxy/share/rosidl_adapter/cmake)\n'}
[0.401871] (-) TimerEvent: {}
[0.463703] (sub0227) StdoutLine: {'line': b'-- Using all available rosidl_typesupport_cpp: rosidl_typesupport_fastrtps_cpp;rosidl_typesupport_introspection_cpp\n'}
[0.502455] (-) TimerEvent: {}
[0.548251] (sub0227) StdoutLine: {'line': b'-- Found rclcpp: 2.4.3 (/opt/ros/foxy/share/rclcpp/cmake)\n'}
[0.583775] (sub0227) StdoutLine: {'line': b'-- Found rmw_implementation_cmake: 1.0.4 (/opt/ros/foxy/share/rmw_implementation_cmake/cmake)\n'}
[0.586583] (sub0227) StdoutLine: {'line': b"-- Using RMW implementation 'rmw_fastrtps_cpp' as default\n"}
[0.604667] (-) TimerEvent: {}
[0.705047] (-) TimerEvent: {}
[0.717701] (sub0227) StdoutLine: {'line': b'-- Found sensor_msgs: 2.0.5 (/opt/ros/foxy/share/sensor_msgs/cmake)\n'}
[0.805490] (-) TimerEvent: {}
[0.853335] (sub0227) StdoutLine: {'line': b'-- Configuring done\n'}
[0.867235] (sub0227) StdoutLine: {'line': b'-- Generating done\n'}
[0.873230] (sub0227) StdoutLine: {'line': b'-- Build files have been written to: /home/y/SA_CAO/build/sub0227\n'}
[0.879204] (sub0227) StdoutLine: {'line': b'/usr/bin/cmake -E cmake_progress_start /home/y/SA_CAO/build/sub0227/CMakeFiles /home/y/SA_CAO/build/sub0227/CMakeFiles/progress.marks\n'}
[0.888254] (sub0227) StdoutLine: {'line': b'/usr/bin/make -f CMakeFiles/Makefile2 all\n'}
[0.889645] (sub0227) StdoutLine: {'line': b"make[1]: Entering directory '/home/y/SA_CAO/build/sub0227'\n"}
[0.889715] (sub0227) StdoutLine: {'line': b'/usr/bin/make -f CMakeFiles/Sub0227.dir/build.make CMakeFiles/Sub0227.dir/depend\n'}
[0.895238] (sub0227) StdoutLine: {'line': b"make[2]: Entering directory '/home/y/SA_CAO/build/sub0227'\n"}
[0.895366] (sub0227) StdoutLine: {'line': b'cd /home/y/SA_CAO/build/sub0227 && /usr/bin/cmake -E cmake_depends "Unix Makefiles" /home/y/SA_CAO/src/sub0227 /home/y/SA_CAO/src/sub0227 /home/y/SA_CAO/build/sub0227 /home/y/SA_CAO/build/sub0227 /home/y/SA_CAO/build/sub0227/CMakeFiles/Sub0227.dir/DependInfo.cmake --color=\n'}
[0.905757] (-) TimerEvent: {}
[0.932262] (sub0227) StdoutLine: {'line': b'Scanning dependencies of target Sub0227\n'}
[0.933948] (sub0227) StdoutLine: {'line': b"make[2]: Leaving directory '/home/y/SA_CAO/build/sub0227'\n"}
[0.934083] (sub0227) StdoutLine: {'line': b'/usr/bin/make -f CMakeFiles/Sub0227.dir/build.make CMakeFiles/Sub0227.dir/build\n'}
[0.944217] (sub0227) StdoutLine: {'line': b"make[2]: Entering directory '/home/y/SA_CAO/build/sub0227'\n"}
[0.955608] (sub0227) StdoutLine: {'line': b'[ 20%] Building CXX object CMakeFiles/Sub0227.dir/src/Sub0227_data.cpp.o\n'}
[0.955735] (sub0227) StdoutLine: {'line': b'[ 20%] Building CXX object CMakeFiles/Sub0227.dir/src/Sub0227.cpp.o\n'}
[0.956240] (sub0227) StdoutLine: {'line': b'/usr/bin/c++  -DDEFAULT_RMW_IMPLEMENTATION=rmw_fastrtps_cpp -DRCUTILS_ENABLE_FAULT_INJECTION -DROS_PACKAGE_NAME=\\"sub0227\\" -DSPDLOG_COMPILED_LIB -I/home/y/SA_CAO/src/sub0227/include/sub0227 -I/home/y/SA_CAO/src/sub0227/include -isystem /opt/ros/foxy/include  -O3 -DNDEBUG   -Wall -Wextra -Wpedantic -DMODEL=Sub0227 -DNUMST=1 -DNCSTATES=0 -DHAVESTDIO -DMODEL_HAS_DYNAMICALLY_LOADED_SFCNS=0 -DCLASSIC_INTERFACE=0 -DALLOCATIONFCN=0 -DTID01EQ=0 -DTERMFCN=1 -DONESTEPFCN=1 -DMAT_FILE=0 -DMULTI_INSTANCE_CODE=1 -DINTEGER_CODE=0 -DMT=0 -DROS2_PROJECT -DSTACK_SIZE=64 -D__MW_TARGET_USE_HARDWARE_RESOURCES_H__ -DRT=RT -fpermissive -std=gnu++17 -o CMakeFiles/Sub0227.dir/src/Sub0227.cpp.o -c /home/y/SA_CAO/src/sub0227/src/Sub0227.cpp\n'}
[0.956759] (sub0227) StdoutLine: {'line': b'/usr/bin/c++  -DDEFAULT_RMW_IMPLEMENTATION=rmw_fastrtps_cpp -DRCUTILS_ENABLE_FAULT_INJECTION -DROS_PACKAGE_NAME=\\"sub0227\\" -DSPDLOG_COMPILED_LIB -I/home/y/SA_CAO/src/sub0227/include/sub0227 -I/home/y/SA_CAO/src/sub0227/include -isystem /opt/ros/foxy/include  -O3 -DNDEBUG   -Wall -Wextra -Wpedantic -DMODEL=Sub0227 -DNUMST=1 -DNCSTATES=0 -DHAVESTDIO -DMODEL_HAS_DYNAMICALLY_LOADED_SFCNS=0 -DCLASSIC_INTERFACE=0 -DALLOCATIONFCN=0 -DTID01EQ=0 -DTERMFCN=1 -DONESTEPFCN=1 -DMAT_FILE=0 -DMULTI_INSTANCE_CODE=1 -DINTEGER_CODE=0 -DMT=0 -DROS2_PROJECT -DSTACK_SIZE=64 -D__MW_TARGET_USE_HARDWARE_RESOURCES_H__ -DRT=RT -fpermissive -std=gnu++17 -o CMakeFiles/Sub0227.dir/src/Sub0227_data.cpp.o -c /home/y/SA_CAO/src/sub0227/src/Sub0227_data.cpp\n'}
[1.006038] (-) TimerEvent: {}
[1.106581] (-) TimerEvent: {}
[1.206908] (-) TimerEvent: {}
[1.307598] (-) TimerEvent: {}
[1.408347] (-) TimerEvent: {}
[1.508938] (-) TimerEvent: {}
[1.609237] (-) TimerEvent: {}
[1.709552] (-) TimerEvent: {}
[1.810127] (-) TimerEvent: {}
[1.910759] (-) TimerEvent: {}
[2.011155] (-) TimerEvent: {}
[2.117297] (-) TimerEvent: {}
[2.219957] (-) TimerEvent: {}
[2.320279] (-) TimerEvent: {}
[2.420831] (-) TimerEvent: {}
[2.521122] (-) TimerEvent: {}
[2.621430] (-) TimerEvent: {}
[2.710293] (sub0227) StderrLine: {'line': b'In file included from /home/y/SA_CAO/src/sub0227/include/sub0227/slros2_initialize.h:7,\n'}
[2.710452] (sub0227) StderrLine: {'line': b'                 from /home/y/SA_CAO/src/sub0227/include/sub0227/Sub0227.h:22,\n'}
[2.710503] (sub0227) StderrLine: {'line': b'                 from /home/y/SA_CAO/src/sub0227/src/Sub0227_data.cpp:19:\n'}
[2.710547] (sub0227) StderrLine: {'line': b"/home/y/SA_CAO/src/sub0227/include/sub0227/slros2_generic_pubsub.h: In member function 'void SimulinkSubscriber<MsgType, BusType>::createSubscriber(const string&, const rmw_qos_profile_t&)':\n"}
[2.710592] (sub0227) StderrLine: {'line': b"/home/y/SA_CAO/src/sub0227/include/sub0227/slros2_generic_pubsub.h:107:42: error: 'struct rclcpp::SubscriptionEventCallbacks' has no member named 'message_lost_callback'\n"}
[2.710640] (sub0227) StderrLine: {'line': b'  107 |     subscription_options.event_callbacks.message_lost_callback = [this, topic](const rclcpp::QOSMessageLostInfo& event) {\n'}
[2.710682] (sub0227) StderrLine: {'line': b'      |                                          ^~~~~~~~~~~~~~~~~~~~~\n'}
[2.711036] (sub0227) StderrLine: {'line': b"/home/y/SA_CAO/src/sub0227/include/sub0227/slros2_generic_pubsub.h:107:94: error: 'QOSMessageLostInfo' in namespace 'rclcpp' does not name a type\n"}
[2.711099] (sub0227) StderrLine: {'line': b'  107 |     subscription_options.event_callbacks.message_lost_callback = [this, topic](const rclcpp::QOSMessageLostInfo& event) {\n'}
[2.711144] (sub0227) StderrLine: {'line': b'      |                                                                                              ^~~~~~~~~~~~~~~~~~\n'}
[2.711280] (sub0227) StderrLine: {'line': b"/home/y/SA_CAO/src/sub0227/include/sub0227/slros2_generic_pubsub.h:109:6: error: expected ')' before ';' token\n"}
[2.711336] (sub0227) StderrLine: {'line': b'  109 |     };\n'}
[2.711380] (sub0227) StderrLine: {'line': b'      |      ^\n'}
[2.711420] (sub0227) StderrLine: {'line': b'      |      )\n'}
[2.711536] (sub0227) StderrLine: {'line': b"/home/y/SA_CAO/src/sub0227/include/sub0227/slros2_generic_pubsub.h:107:79: note: to match this '('\n"}
[2.711590] (sub0227) StderrLine: {'line': b'  107 |     subscription_options.event_callbacks.message_lost_callback = [this, topic](const rclcpp::QOSMessageLostInfo& event) {\n'}
[2.711634] (sub0227) StderrLine: {'line': b'      |                                                                               ^\n'}
[2.711835] (sub0227) StderrLine: {'line': b'/home/y/SA_CAO/src/sub0227/include/sub0227/slros2_generic_pubsub.h: In lambda function:\n'}
[2.711897] (sub0227) StderrLine: {'line': b"/home/y/SA_CAO/src/sub0227/include/sub0227/slros2_generic_pubsub.h:109:6: error: expected '{' before ';' token\n"}
[2.711941] (sub0227) StderrLine: {'line': b'  109 |     };\n'}
[2.711983] (sub0227) StderrLine: {'line': b'      |      ^\n'}
[2.722121] (-) TimerEvent: {}
[2.823014] (-) TimerEvent: {}
[2.923454] (-) TimerEvent: {}
[2.962344] (sub0227) StderrLine: {'line': b'In file included from /home/y/SA_CAO/src/sub0227/include/sub0227/slros2_initialize.h:7,\n'}
[2.962474] (sub0227) StderrLine: {'line': b'                 from /home/y/SA_CAO/src/sub0227/include/sub0227/Sub0227.h:22,\n'}
[2.962522] (sub0227) StderrLine: {'line': b'                 from /home/y/SA_CAO/src/sub0227/src/Sub0227.cpp:19:\n'}
[2.962565] (sub0227) StderrLine: {'line': b"/home/y/SA_CAO/src/sub0227/include/sub0227/slros2_generic_pubsub.h: In member function 'void SimulinkSubscriber<MsgType, BusType>::createSubscriber(const string&, const rmw_qos_profile_t&)':\n"}
[2.962689] (sub0227) StderrLine: {'line': b"/home/y/SA_CAO/src/sub0227/include/sub0227/slros2_generic_pubsub.h:107:42: error: 'struct rclcpp::SubscriptionEventCallbacks' has no member named 'message_lost_callback'\n"}
[2.962824] (sub0227) StderrLine: {'line': b'  107 |     subscription_options.event_callbacks.message_lost_callback = [this, topic](const rclcpp::QOSMessageLostInfo& event) {\n'}
[2.962871] (sub0227) StderrLine: {'line': b'      |                                          ^~~~~~~~~~~~~~~~~~~~~\n'}
[2.963190] (sub0227) StderrLine: {'line': b"/home/y/SA_CAO/src/sub0227/include/sub0227/slros2_generic_pubsub.h:107:94: error: 'QOSMessageLostInfo' in namespace 'rclcpp' does not name a type\n"}
[2.963289] (sub0227) StderrLine: {'line': b'  107 |     subscription_options.event_callbacks.message_lost_callback = [this, topic](const rclcpp::QOSMessageLostInfo& event) {\n'}
[2.963338] (sub0227) StderrLine: {'line': b'      |                                                                                              ^~~~~~~~~~~~~~~~~~\n'}
[2.963479] (sub0227) StderrLine: {'line': b"/home/y/SA_CAO/src/sub0227/include/sub0227/slros2_generic_pubsub.h:109:6: error: expected ')' before ';' token\n"}
[2.963535] (sub0227) StderrLine: {'line': b'  109 |     };\n'}
[2.963645] (sub0227) StderrLine: {'line': b'      |      ^\n'}
[2.963768] (sub0227) StderrLine: {'line': b'      |      )\n'}
[2.963904] (sub0227) StderrLine: {'line': b"/home/y/SA_CAO/src/sub0227/include/sub0227/slros2_generic_pubsub.h:107:79: note: to match this '('\n"}
[2.963965] (sub0227) StderrLine: {'line': b'  107 |     subscription_options.event_callbacks.message_lost_callback = [this, topic](const rclcpp::QOSMessageLostInfo& event) {\n'}
[2.964009] (sub0227) StderrLine: {'line': b'      |                                                                               ^\n'}
[2.964189] (sub0227) StderrLine: {'line': b'/home/y/SA_CAO/src/sub0227/include/sub0227/slros2_generic_pubsub.h: In lambda function:\n'}
[2.964245] (sub0227) StderrLine: {'line': b"/home/y/SA_CAO/src/sub0227/include/sub0227/slros2_generic_pubsub.h:109:6: error: expected '{' before ';' token\n"}
[2.964288] (sub0227) StderrLine: {'line': b'  109 |     };\n'}
[2.964329] (sub0227) StderrLine: {'line': b'      |      ^\n'}
[3.023834] (-) TimerEvent: {}
[3.127829] (-) TimerEvent: {}
[3.228212] (-) TimerEvent: {}
[3.262872] (sub0227) StderrLine: {'line': b'make[2]: *** [CMakeFiles/Sub0227.dir/build.make:79: CMakeFiles/Sub0227.dir/src/Sub0227_data.cpp.o] Error 1\n'}
[3.263050] (sub0227) StderrLine: {'line': b'make[2]: *** Waiting for unfinished jobs....\n'}
[3.328797] (-) TimerEvent: {}
[3.429323] (-) TimerEvent: {}
[3.529934] (-) TimerEvent: {}
[3.630435] (-) TimerEvent: {}
[3.730773] (-) TimerEvent: {}
[3.831393] (-) TimerEvent: {}
[3.932226] (-) TimerEvent: {}
[4.032902] (-) TimerEvent: {}
[4.133473] (-) TimerEvent: {}
[4.233962] (-) TimerEvent: {}
[4.334603] (-) TimerEvent: {}
[4.435610] (-) TimerEvent: {}
[4.536356] (-) TimerEvent: {}
[4.637166] (-) TimerEvent: {}
[4.738146] (-) TimerEvent: {}
[4.838555] (-) TimerEvent: {}
[4.939214] (-) TimerEvent: {}
[5.039778] (-) TimerEvent: {}
[5.140166] (-) TimerEvent: {}
[5.180010] (sub0227) StderrLine: {'line': b'make[2]: *** [CMakeFiles/Sub0227.dir/build.make:66: CMakeFiles/Sub0227.dir/src/Sub0227.cpp.o] Error 1\n'}
[5.180167] (sub0227) StdoutLine: {'line': b"make[2]: Leaving directory '/home/y/SA_CAO/build/sub0227'\n"}
[5.180217] (sub0227) StderrLine: {'line': b'make[1]: *** [CMakeFiles/Makefile2:81: CMakeFiles/Sub0227.dir/all] Error 2\n'}
[5.180270] (sub0227) StdoutLine: {'line': b"make[1]: Leaving directory '/home/y/SA_CAO/build/sub0227'\n"}
[5.180312] (sub0227) StderrLine: {'line': b'make: *** [Makefile:144: all] Error 2\n'}
[5.183182] (sub0227) CommandEnded: {'returncode': 2}
[5.194368] (sub0227) JobEnded: {'identifier': 'sub0227', 'rc': 2}
[5.205234] (-) EventReactorShutdown: {}
