[0.022s] Invoking command in '/home/y/SA_CAO/build/diablo_ctrl': CMAKE_PREFIX_PATH=/home/y/SA_CAO/install/diablo_body:/home/y/SA_CAO/install/diablo_utils:/home/y/SA_CAO/install/motion_msgs:/home/y/SA_CAO/install/ception_msgs:/home/y/SA_CAO/install/diablo_simpose_trans:/home/y/SA_CAO/install/diablo_ctrl:/home/y/SA_CAO/install/diablo_rviz2_control_plugin:/home/y/SA_CAO/install/my_xbox_joystick:/home/y/SA_CAO/install/diablo_teleop:/home/y/SA_CAO/install/diablo_simulation:/opt/ros/foxy:/home/y/oradar_ros/install/oradar_lidar LD_LIBRARY_PATH=/home/y/SA_CAO/install/diablo_body/lib:/home/y/SA_CAO/install/diablo_utils/lib:/home/y/SA_CAO/install/motion_msgs/lib:/home/y/SA_CAO/install/ception_msgs/lib:/home/y/SA_CAO/install/diablo_rviz2_control_plugin/lib:/usr/lib/x86_64-linux-gnu/gazebo-11/plugins:/opt/ros/foxy/opt/yaml_cpp_vendor/lib:/opt/ros/foxy/opt/rviz_ogre_vendor/lib:/opt/ros/foxy/lib/x86_64-linux-gnu:/opt/ros/foxy/lib PYTHONPATH=/home/y/SA_CAO/install/motion_msgs/lib/python3.8/site-packages:/home/y/SA_CAO/install/ception_msgs/lib/python3.8/site-packages:/home/y/SA_CAO/install/my_xbox_joystick/lib/python3.8/site-packages:/home/y/SA_CAO/install/diablo_teleop/lib/python3.8/site-packages:/home/y/SA_CAO/install/diablo_simulation/lib/python3.8/site-packages:/opt/ros/foxy/lib/python3.8/site-packages /usr/bin/cmake --build /home/y/SA_CAO/build/diablo_ctrl -- -j2 -l2
[0.066s] [35m[1mScanning dependencies of target diablo_ctrl_node[0m
[0.101s] [ 50%] [32mBuilding CXX object CMakeFiles/diablo_ctrl_node.dir/src/diablo_ctrl.cpp.o[0m
[1.463s] [01m[K/home/y/SA_CAO/src/diablo_ros2/diablo_interaction/diablo_ctrl/src/diablo_ctrl.cpp:[m[K In function â€˜[01m[Kint main(int, char**)[m[Kâ€™:
[1.463s] [01m[K/home/y/SA_CAO/src/diablo_ros2/diablo_interaction/diablo_ctrl/src/diablo_ctrl.cpp:107:27:[m[K [01;31m[Kerror: [m[Kâ€˜[01m[Kvehicle[m[Kâ€™ was not declared in this scope
[1.463s]   107 |     node->pMovementCtrl = [01;31m[Kvehicle[m[K.movement_ctrl;
[1.463s]       |                           [01;31m[K^~~~~~~[m[K
[2.747s] make[2]: *** [CMakeFiles/diablo_ctrl_node.dir/build.make:63: CMakeFiles/diablo_ctrl_node.dir/src/diablo_ctrl.cpp.o] Error 1
[2.748s] make[1]: *** [CMakeFiles/Makefile2:78: CMakeFiles/diablo_ctrl_node.dir/all] Error 2
[2.749s] make: *** [Makefile:141: all] Error 2
[2.750s] Invoked command in '/home/y/SA_CAO/build/diablo_ctrl' returned '2': CMAKE_PREFIX_PATH=/home/y/SA_CAO/install/diablo_body:/home/y/SA_CAO/install/diablo_utils:/home/y/SA_CAO/install/motion_msgs:/home/y/SA_CAO/install/ception_msgs:/home/y/SA_CAO/install/diablo_simpose_trans:/home/y/SA_CAO/install/diablo_ctrl:/home/y/SA_CAO/install/diablo_rviz2_control_plugin:/home/y/SA_CAO/install/my_xbox_joystick:/home/y/SA_CAO/install/diablo_teleop:/home/y/SA_CAO/install/diablo_simulation:/opt/ros/foxy:/home/y/oradar_ros/install/oradar_lidar LD_LIBRARY_PATH=/home/y/SA_CAO/install/diablo_body/lib:/home/y/SA_CAO/install/diablo_utils/lib:/home/y/SA_CAO/install/motion_msgs/lib:/home/y/SA_CAO/install/ception_msgs/lib:/home/y/SA_CAO/install/diablo_rviz2_control_plugin/lib:/usr/lib/x86_64-linux-gnu/gazebo-11/plugins:/opt/ros/foxy/opt/yaml_cpp_vendor/lib:/opt/ros/foxy/opt/rviz_ogre_vendor/lib:/opt/ros/foxy/lib/x86_64-linux-gnu:/opt/ros/foxy/lib PYTHONPATH=/home/y/SA_CAO/install/motion_msgs/lib/python3.8/site-packages:/home/y/SA_CAO/install/ception_msgs/lib/python3.8/site-packages:/home/y/SA_CAO/install/my_xbox_joystick/lib/python3.8/site-packages:/home/y/SA_CAO/install/diablo_teleop/lib/python3.8/site-packages:/home/y/SA_CAO/install/diablo_simulation/lib/python3.8/site-packages:/opt/ros/foxy/lib/python3.8/site-packages /usr/bin/cmake --build /home/y/SA_CAO/build/diablo_ctrl -- -j2 -l2
