[0.000000] (-) TimerEvent: {}
[0.000580] (-) JobUnselected: {'identifier': 'my_xbox_joystick'}
[0.000634] (-) JobUnselected: {'identifier': 'robot_launch'}
[0.000652] (sub0227) JobQueued: {'identifier': 'sub0227', 'dependencies': OrderedDict()}
[0.000667] (sub0227) JobStarted: {'identifier': 'sub0227'}
[0.013467] (sub0227) JobProgress: {'identifier': 'sub0227', 'progress': 'cmake'}
[0.016141] (sub0227) JobProgress: {'identifier': 'sub0227', 'progress': 'build'}
[0.016326] (sub0227) Command: {'cmd': ['/usr/bin/cmake', '--build', '/home/y/SA_CAO/build/sub0227', '--', '-j2', '-l2'], 'cwd': '/home/y/SA_CAO/build/sub0227', 'env': OrderedDict([('USER', 'y'), ('SSH_CLIENT', '192.168.134.1 3237 22'), ('XDG_SESSION_TYPE', 'tty'), ('SHLVL', '1'), ('LD_LIBRARY_PATH', '/home/y/SA_CAO/install/diablo_body/lib:/home/y/SA_CAO/install/diablo_utils/lib:/home/y/SA_CAO/install/diablo_rviz2_control_plugin/lib:/home/y/SA_CAO/install/motion_msgs/lib:/home/y/SA_CAO/install/ception_msgs/lib:/home/y/ws/install/turtlebot3_msgs/lib:/home/y/ws/install/dynamixel_sdk_custom_interfaces/lib:/home/y/ws/install/dynamixel_sdk/lib:/usr/lib/x86_64-linux-gnu/gazebo-11/plugins:/opt/ros/foxy/opt/yaml_cpp_vendor/lib:/opt/ros/foxy/opt/rviz_ogre_vendor/lib:/opt/ros/foxy/lib/x86_64-linux-gnu:/opt/ros/foxy/lib'), ('MOTD_SHOWN', 'pam'), ('HOME', '/home/y'), ('OLDPWD', '/home/y'), ('ROS_PYTHON_VERSION', '3'), ('DBUS_SESSION_BUS_ADDRESS', 'unix:path=/run/user/1000/bus'), ('COLCON_PREFIX_PATH', '/home/y/SA_CAO/install:/home/y/ws/install:/home/y/oradar_ros/install'), ('ROS_DISTRO', 'foxy'), ('LOGNAME', 'y'), ('_', '/usr/bin/colcon'), ('ROS_VERSION', '2'), ('XDG_SESSION_CLASS', 'user'), ('XDG_SESSION_ID', '18'), ('ROS_LOCALHOST_ONLY', '0'), ('PATH', '/home/y/oradar_ros/install/oradar_lidar/bin:/opt/ros/foxy/bin:/usr/local/sbin:/usr/local/bin:/usr/sbin:/usr/bin:/sbin:/bin:/usr/games:/usr/local/games:/snap/bin'), ('XDG_RUNTIME_DIR', '/run/user/1000'), ('LANG', 'en_US.UTF-8'), ('AMENT_PREFIX_PATH', '/home/y/SA_CAO/install/sub0227:/home/y/SA_CAO/install/robot_launch:/home/y/SA_CAO/install/my_xbox_joystick:/home/y/SA_CAO/install/diablo_simpose_trans:/home/y/SA_CAO/install/diablo_ctrl:/home/y/SA_CAO/install/diablo_body:/home/y/SA_CAO/install/diablo_utils:/home/y/SA_CAO/install/diablo_teleop:/home/y/SA_CAO/install/diablo_rviz2_control_plugin:/home/y/SA_CAO/install/motion_msgs:/home/y/SA_CAO/install/diablo_simulation:/home/y/SA_CAO/install/ception_msgs:/home/y/ws/install/turtlebot3:/home/y/ws/install/turtlebot3_teleop:/home/y/ws/install/turtlebot3_simulations:/home/y/ws/install/turtlebot3_bringup:/home/y/ws/install/turtlebot3_node:/home/y/ws/install/turtlebot3_navigation2:/home/y/ws/install/turtlebot3_fake_node:/home/y/ws/install/turtlebot3_example:/home/y/ws/install/turtlebot3_msgs:/home/y/ws/install/turtlebot3_gazebo:/home/y/ws/install/turtlebot3_description:/home/y/ws/install/turtlebot3_cartographer:/home/y/ws/install/sub0227:/home/y/ws/install/robot_launch:/home/y/ws/install/my_xbox_joystick:/home/y/ws/install/hls_lfcd_lds_driver:/home/y/ws/install/dynamixel_sdk_examples:/home/y/ws/install/dynamixel_sdk_custom_interfaces:/home/y/ws/install/dynamixel_sdk:/home/y/oradar_ros/install/oradar_lidar:/opt/ros/foxy'), ('SHELL', '/bin/bash'), ('PWD', '/home/y/SA_CAO/build/sub0227'), ('LC_ALL', 'C'), ('SSH_CONNECTION', '192.168.134.1 3237 192.168.134.129 22'), ('PYTHONPATH', '/home/y/SA_CAO/install/robot_launch/lib/python3.8/site-packages:/home/y/SA_CAO/install/my_xbox_joystick/lib/python3.8/site-packages:/home/y/SA_CAO/install/diablo_teleop/lib/python3.8/site-packages:/home/y/SA_CAO/install/motion_msgs/lib/python3.8/site-packages:/home/y/SA_CAO/install/diablo_simulation/lib/python3.8/site-packages:/home/y/SA_CAO/install/ception_msgs/lib/python3.8/site-packages:/home/y/ws/install/turtlebot3_teleop/lib/python3.8/site-packages:/home/y/ws/install/turtlebot3_example/lib/python3.8/site-packages:/home/y/ws/install/turtlebot3_msgs/lib/python3.8/site-packages:/home/y/ws/install/robot_launch/lib/python3.8/site-packages:/home/y/ws/install/my_xbox_joystick/lib/python3.8/site-packages:/home/y/ws/install/dynamixel_sdk_custom_interfaces/lib/python3.8/site-packages:/opt/ros/foxy/lib/python3.8/site-packages'), ('COLCON', '1'), ('CMAKE_PREFIX_PATH', '/home/y/SA_CAO/install/sub0227:/home/y/SA_CAO/install/diablo_simpose_trans:/home/y/SA_CAO/install/diablo_ctrl:/home/y/SA_CAO/install/diablo_body:/home/y/SA_CAO/install/diablo_utils:/home/y/SA_CAO/install/diablo_rviz2_control_plugin:/home/y/SA_CAO/install/motion_msgs:/home/y/SA_CAO/install/ception_msgs:/home/y/ws/install/turtlebot3:/home/y/ws/install/turtlebot3_simulations:/home/y/ws/install/turtlebot3_bringup:/home/y/ws/install/turtlebot3_node:/home/y/ws/install/turtlebot3_navigation2:/home/y/ws/install/turtlebot3_fake_node:/home/y/ws/install/turtlebot3_msgs:/home/y/ws/install/turtlebot3_gazebo:/home/y/ws/install/turtlebot3_description:/home/y/ws/install/turtlebot3_cartographer:/home/y/ws/install/sub0227:/home/y/ws/install/hls_lfcd_lds_driver:/home/y/ws/install/dynamixel_sdk_examples:/home/y/ws/install/dynamixel_sdk_custom_interfaces:/home/y/ws/install/dynamixel_sdk:/home/y/SA_CAO/install/robot_launch:/home/y/SA_CAO/install/my_xbox_joystick:/home/y/SA_CAO/install/diablo_teleop:/home/y/SA_CAO/install/diablo_simulation:/home/y/ws/install/turtlebot3_teleop:/home/y/ws/install/turtlebot3_example:/home/y/ws/install/robot_launch:/home/y/ws/install/my_xbox_joystick:/opt/ros/foxy:/home/y/oradar_ros/install/oradar_lidar')]), 'shell': False}
[0.029449] (sub0227) StdoutLine: {'line': b'/usr/bin/cmake -S/home/y/SA_CAO/src/sub0227 -B/home/y/SA_CAO/build/sub0227 --check-build-system CMakeFiles/Makefile.cmake 0\n'}
[0.047721] (sub0227) StdoutLine: {'line': b'-- Found ament_cmake: 0.9.12 (/opt/ros/foxy/share/ament_cmake/cmake)\n'}
[0.074830] (sub0227) StdoutLine: {'line': b'-- Using PYTHON_EXECUTABLE: /usr/bin/python3\n'}
[0.099860] (-) TimerEvent: {}
[0.200697] (-) TimerEvent: {}
[0.239315] (sub0227) StdoutLine: {'line': b'-- Found ament_cmake_ros: 0.9.2 (/opt/ros/foxy/share/ament_cmake_ros/cmake)\n'}
[0.244004] (sub0227) StdoutLine: {'line': b'-- Found geometry_msgs: 2.0.5 (/opt/ros/foxy/share/geometry_msgs/cmake)\n'}
[0.276450] (sub0227) StdoutLine: {'line': b'-- Using all available rosidl_typesupport_c: rosidl_typesupport_fastrtps_c;rosidl_typesupport_introspection_c\n'}
[0.281449] (sub0227) StdoutLine: {'line': b'-- Found rosidl_adapter: 1.3.1 (/opt/ros/foxy/share/rosidl_adapter/cmake)\n'}
[0.301056] (-) TimerEvent: {}
[0.401852] (-) TimerEvent: {}
[0.443424] (sub0227) StdoutLine: {'line': b'-- Using all available rosidl_typesupport_cpp: rosidl_typesupport_fastrtps_cpp;rosidl_typesupport_introspection_cpp\n'}
[0.502241] (-) TimerEvent: {}
[0.541886] (sub0227) StdoutLine: {'line': b'-- Found rclcpp: 2.4.3 (/opt/ros/foxy/share/rclcpp/cmake)\n'}
[0.588958] (sub0227) StdoutLine: {'line': b'-- Found rmw_implementation_cmake: 1.0.4 (/opt/ros/foxy/share/rmw_implementation_cmake/cmake)\n'}
[0.592036] (sub0227) StdoutLine: {'line': b"-- Using RMW implementation 'rmw_fastrtps_cpp' as default\n"}
[0.602518] (-) TimerEvent: {}
[0.703007] (-) TimerEvent: {}
[0.732041] (sub0227) StdoutLine: {'line': b'-- Found sensor_msgs: 2.0.5 (/opt/ros/foxy/share/sensor_msgs/cmake)\n'}
[0.803545] (-) TimerEvent: {}
[0.863389] (sub0227) StdoutLine: {'line': b'-- Configuring done\n'}
[0.878708] (sub0227) StdoutLine: {'line': b'-- Generating done\n'}
[0.884668] (sub0227) StdoutLine: {'line': b'-- Build files have been written to: /home/y/SA_CAO/build/sub0227\n'}
[0.891010] (sub0227) StdoutLine: {'line': b'/usr/bin/cmake -E cmake_progress_start /home/y/SA_CAO/build/sub0227/CMakeFiles /home/y/SA_CAO/build/sub0227/CMakeFiles/progress.marks\n'}
[0.900644] (sub0227) StdoutLine: {'line': b'/usr/bin/make -f CMakeFiles/Makefile2 all\n'}
[0.902030] (sub0227) StdoutLine: {'line': b"make[1]: Entering directory '/home/y/SA_CAO/build/sub0227'\n"}
[0.902155] (sub0227) StdoutLine: {'line': b'/usr/bin/make -f CMakeFiles/Sub0227.dir/build.make CMakeFiles/Sub0227.dir/depend\n'}
[0.903756] (-) TimerEvent: {}
[0.907156] (sub0227) StdoutLine: {'line': b"make[2]: Entering directory '/home/y/SA_CAO/build/sub0227'\n"}
[0.907279] (sub0227) StdoutLine: {'line': b'cd /home/y/SA_CAO/build/sub0227 && /usr/bin/cmake -E cmake_depends "Unix Makefiles" /home/y/SA_CAO/src/sub0227 /home/y/SA_CAO/src/sub0227 /home/y/SA_CAO/build/sub0227 /home/y/SA_CAO/build/sub0227 /home/y/SA_CAO/build/sub0227/CMakeFiles/Sub0227.dir/DependInfo.cmake --color=\n'}
[0.942074] (sub0227) StdoutLine: {'line': b'Scanning dependencies of target Sub0227\n'}
[0.943698] (sub0227) StdoutLine: {'line': b"make[2]: Leaving directory '/home/y/SA_CAO/build/sub0227'\n"}
[0.943795] (sub0227) StdoutLine: {'line': b'/usr/bin/make -f CMakeFiles/Sub0227.dir/build.make CMakeFiles/Sub0227.dir/build\n'}
[0.954247] (sub0227) StdoutLine: {'line': b"make[2]: Entering directory '/home/y/SA_CAO/build/sub0227'\n"}
[0.963934] (sub0227) StdoutLine: {'line': b'[ 20%] Building CXX object CMakeFiles/Sub0227.dir/src/Sub0227.cpp.o\n'}
[0.964063] (sub0227) StdoutLine: {'line': b'[ 10%] Building CXX object CMakeFiles/Sub0227.dir/src/Sub0227_data.cpp.o\n'}
[0.964480] (sub0227) StdoutLine: {'line': b'/usr/bin/c++  -DDEFAULT_RMW_IMPLEMENTATION=rmw_fastrtps_cpp -DRCUTILS_ENABLE_FAULT_INJECTION -DROS_PACKAGE_NAME=\\"sub0227\\" -DSPDLOG_COMPILED_LIB -I/home/y/SA_CAO/src/sub0227/include/sub0227 -I/home/y/SA_CAO/src/sub0227/include -isystem /opt/ros/foxy/include  -O3 -DNDEBUG   -Wall -Wextra -Wpedantic -DMODEL=Sub0227 -DNUMST=1 -DNCSTATES=0 -DHAVESTDIO -DMODEL_HAS_DYNAMICALLY_LOADED_SFCNS=0 -DCLASSIC_INTERFACE=0 -DALLOCATIONFCN=0 -DTID01EQ=0 -DTERMFCN=1 -DONESTEPFCN=1 -DMAT_FILE=0 -DMULTI_INSTANCE_CODE=1 -DINTEGER_CODE=0 -DMT=0 -DROS2_PROJECT -DSTACK_SIZE=64 -D__MW_TARGET_USE_HARDWARE_RESOURCES_H__ -DRT=RT -fpermissive -std=gnu++17 -o CMakeFiles/Sub0227.dir/src/Sub0227.cpp.o -c /home/y/SA_CAO/src/sub0227/src/Sub0227.cpp\n'}
[0.965214] (sub0227) StdoutLine: {'line': b'/usr/bin/c++  -DDEFAULT_RMW_IMPLEMENTATION=rmw_fastrtps_cpp -DRCUTILS_ENABLE_FAULT_INJECTION -DROS_PACKAGE_NAME=\\"sub0227\\" -DSPDLOG_COMPILED_LIB -I/home/y/SA_CAO/src/sub0227/include/sub0227 -I/home/y/SA_CAO/src/sub0227/include -isystem /opt/ros/foxy/include  -O3 -DNDEBUG   -Wall -Wextra -Wpedantic -DMODEL=Sub0227 -DNUMST=1 -DNCSTATES=0 -DHAVESTDIO -DMODEL_HAS_DYNAMICALLY_LOADED_SFCNS=0 -DCLASSIC_INTERFACE=0 -DALLOCATIONFCN=0 -DTID01EQ=0 -DTERMFCN=1 -DONESTEPFCN=1 -DMAT_FILE=0 -DMULTI_INSTANCE_CODE=1 -DINTEGER_CODE=0 -DMT=0 -DROS2_PROJECT -DSTACK_SIZE=64 -D__MW_TARGET_USE_HARDWARE_RESOURCES_H__ -DRT=RT -fpermissive -std=gnu++17 -o CMakeFiles/Sub0227.dir/src/Sub0227_data.cpp.o -c /home/y/SA_CAO/src/sub0227/src/Sub0227_data.cpp\n'}
[1.004075] (-) TimerEvent: {}
[1.104557] (-) TimerEvent: {}
[1.204873] (-) TimerEvent: {}
[1.305342] (-) TimerEvent: {}
[1.406000] (-) TimerEvent: {}
[1.506551] (-) TimerEvent: {}
[1.607166] (-) TimerEvent: {}
[1.707513] (-) TimerEvent: {}
[1.807966] (-) TimerEvent: {}
[1.909039] (-) TimerEvent: {}
[2.009324] (-) TimerEvent: {}
[2.110091] (-) TimerEvent: {}
[2.210909] (-) TimerEvent: {}
[2.311356] (-) TimerEvent: {}
[2.412678] (-) TimerEvent: {}
[2.488164] (sub0227) StderrLine: {'line': b'In file included from /home/y/SA_CAO/src/sub0227/include/sub0227/slros2_initialize.h:7,\n'}
[2.488319] (sub0227) StderrLine: {'line': b'                 from /home/y/SA_CAO/src/sub0227/include/sub0227/Sub0227.h:22,\n'}
[2.488370] (sub0227) StderrLine: {'line': b'                 from /home/y/SA_CAO/src/sub0227/src/Sub0227_data.cpp:19:\n'}
[2.488414] (sub0227) StderrLine: {'line': b"/home/y/SA_CAO/src/sub0227/include/sub0227/slros2_generic_pubsub.h: In member function 'void SimulinkSubscriber<MsgType, BusType>::createSubscriber(const string&, const rmw_qos_profile_t&)':\n"}
[2.488478] (sub0227) StderrLine: {'line': b"/home/y/SA_CAO/src/sub0227/include/sub0227/slros2_generic_pubsub.h:107:42: error: 'struct rclcpp::SubscriptionEventCallbacks' has no member named 'message_lost_callback'\n"}
[2.488740] (sub0227) StderrLine: {'line': b'  107 |     subscription_options.event_callbacks.message_lost_callback = [this, topic](const rclcpp::QOSMessageLostInfo& event) {\n'}
[2.488926] (sub0227) StderrLine: {'line': b'      |                                          ^~~~~~~~~~~~~~~~~~~~~\n'}
[2.489647] (sub0227) StderrLine: {'line': b"/home/y/SA_CAO/src/sub0227/include/sub0227/slros2_generic_pubsub.h:107:94: error: 'QOSMessageLostInfo' in namespace 'rclcpp' does not name a type\n"}
[2.489782] (sub0227) StderrLine: {'line': b'  107 |     subscription_options.event_callbacks.message_lost_callback = [this, topic](const rclcpp::QOSMessageLostInfo& event) {\n'}
[2.489833] (sub0227) StderrLine: {'line': b'      |                                                                                              ^~~~~~~~~~~~~~~~~~\n'}
[2.489990] (sub0227) StderrLine: {'line': b"/home/y/SA_CAO/src/sub0227/include/sub0227/slros2_generic_pubsub.h:109:6: error: expected ')' before ';' token\n"}
[2.490048] (sub0227) StderrLine: {'line': b'  109 |     };\n'}
[2.490092] (sub0227) StderrLine: {'line': b'      |      ^\n'}
[2.490134] (sub0227) StderrLine: {'line': b'      |      )\n'}
[2.490252] (sub0227) StderrLine: {'line': b"/home/y/SA_CAO/src/sub0227/include/sub0227/slros2_generic_pubsub.h:107:79: note: to match this '('\n"}
[2.490308] (sub0227) StderrLine: {'line': b'  107 |     subscription_options.event_callbacks.message_lost_callback = [this, topic](const rclcpp::QOSMessageLostInfo& event) {\n'}
[2.490352] (sub0227) StderrLine: {'line': b'      |                                                                               ^\n'}
[2.490543] (sub0227) StderrLine: {'line': b'/home/y/SA_CAO/src/sub0227/include/sub0227/slros2_generic_pubsub.h: In lambda function:\n'}
[2.490601] (sub0227) StderrLine: {'line': b"/home/y/SA_CAO/src/sub0227/include/sub0227/slros2_generic_pubsub.h:109:6: error: expected '{' before ';' token\n"}
[2.490645] (sub0227) StderrLine: {'line': b'  109 |     };\n'}
[2.490705] (sub0227) StderrLine: {'line': b'      |      ^\n'}
[2.513326] (-) TimerEvent: {}
[2.518807] (sub0227) StderrLine: {'line': b'In file included from /home/y/SA_CAO/src/sub0227/include/sub0227/slros2_initialize.h:7,\n'}
[2.518952] (sub0227) StderrLine: {'line': b'                 from /home/y/SA_CAO/src/sub0227/include/sub0227/Sub0227.h:22,\n'}
[2.518998] (sub0227) StderrLine: {'line': b'                 from /home/y/SA_CAO/src/sub0227/src/Sub0227.cpp:19:\n'}
[2.519042] (sub0227) StderrLine: {'line': b"/home/y/SA_CAO/src/sub0227/include/sub0227/slros2_generic_pubsub.h: In member function 'void SimulinkSubscriber<MsgType, BusType>::createSubscriber(const string&, const rmw_qos_profile_t&)':\n"}
[2.519087] (sub0227) StderrLine: {'line': b"/home/y/SA_CAO/src/sub0227/include/sub0227/slros2_generic_pubsub.h:107:42: error: 'struct rclcpp::SubscriptionEventCallbacks' has no member named 'message_lost_callback'\n"}
[2.519131] (sub0227) StderrLine: {'line': b'  107 |     subscription_options.event_callbacks.message_lost_callback = [this, topic](const rclcpp::QOSMessageLostInfo& event) {\n'}
[2.519173] (sub0227) StderrLine: {'line': b'      |                                          ^~~~~~~~~~~~~~~~~~~~~\n'}
[2.519234] (sub0227) StderrLine: {'line': b"/home/y/SA_CAO/src/sub0227/include/sub0227/slros2_generic_pubsub.h:107:94: error: 'QOSMessageLostInfo' in namespace 'rclcpp' does not name a type\n"}
[2.519402] (sub0227) StderrLine: {'line': b'  107 |     subscription_options.event_callbacks.message_lost_callback = [this, topic](const rclcpp::QOSMessageLostInfo& event) {\n'}
[2.519489] (sub0227) StderrLine: {'line': b'      |                                                                                              ^~~~~~~~~~~~~~~~~~\n'}
[2.519567] (sub0227) StderrLine: {'line': b"/home/y/SA_CAO/src/sub0227/include/sub0227/slros2_generic_pubsub.h:109:6: error: expected ')' before ';' token\n"}
[2.519647] (sub0227) StderrLine: {'line': b'  109 |     };\n'}
[2.519726] (sub0227) StderrLine: {'line': b'      |      ^\n'}
[2.519803] (sub0227) StderrLine: {'line': b'      |      )\n'}
[2.519879] (sub0227) StderrLine: {'line': b"/home/y/SA_CAO/src/sub0227/include/sub0227/slros2_generic_pubsub.h:107:79: note: to match this '('\n"}
[2.519956] (sub0227) StderrLine: {'line': b'  107 |     subscription_options.event_callbacks.message_lost_callback = [this, topic](const rclcpp::QOSMessageLostInfo& event) {\n'}
[2.520042] (sub0227) StderrLine: {'line': b'      |                                                                               ^\n'}
[2.520117] (sub0227) StderrLine: {'line': b'/home/y/SA_CAO/src/sub0227/include/sub0227/slros2_generic_pubsub.h: In lambda function:\n'}
[2.520195] (sub0227) StderrLine: {'line': b"/home/y/SA_CAO/src/sub0227/include/sub0227/slros2_generic_pubsub.h:109:6: error: expected '{' before ';' token\n"}
[2.520325] (sub0227) StderrLine: {'line': b'  109 |     };\n'}
[2.520406] (sub0227) StderrLine: {'line': b'      |      ^\n'}
[2.613725] (-) TimerEvent: {}
[2.714540] (-) TimerEvent: {}
[2.815295] (-) TimerEvent: {}
[2.894309] (sub0227) StderrLine: {'line': b'make[2]: *** [CMakeFiles/Sub0227.dir/build.make:79: CMakeFiles/Sub0227.dir/src/Sub0227_data.cpp.o] Error 1\n'}
[2.894440] (sub0227) StderrLine: {'line': b'make[2]: *** Waiting for unfinished jobs....\n'}
[2.915932] (-) TimerEvent: {}
[3.016436] (-) TimerEvent: {}
[3.117373] (-) TimerEvent: {}
[3.218059] (-) TimerEvent: {}
[3.318615] (-) TimerEvent: {}
[3.419463] (-) TimerEvent: {}
[3.519829] (-) TimerEvent: {}
[3.620391] (-) TimerEvent: {}
[3.720667] (-) TimerEvent: {}
[3.821008] (-) TimerEvent: {}
[3.921709] (-) TimerEvent: {}
[4.021976] (-) TimerEvent: {}
[4.122652] (-) TimerEvent: {}
[4.223139] (-) TimerEvent: {}
[4.323656] (-) TimerEvent: {}
[4.424001] (-) TimerEvent: {}
[4.461633] (sub0227) StderrLine: {'line': b'make[2]: *** [CMakeFiles/Sub0227.dir/build.make:66: CMakeFiles/Sub0227.dir/src/Sub0227.cpp.o] Error 1\n'}
[4.461763] (sub0227) StderrLine: {'line': b'make[1]: *** [CMakeFiles/Makefile2:81: CMakeFiles/Sub0227.dir/all] Error 2\n'}
[4.461820] (sub0227) StdoutLine: {'line': b"make[2]: Leaving directory '/home/y/SA_CAO/build/sub0227'\n"}
[4.461866] (sub0227) StdoutLine: {'line': b"make[1]: Leaving directory '/home/y/SA_CAO/build/sub0227'\n"}
[4.461908] (sub0227) StderrLine: {'line': b'make: *** [Makefile:144: all] Error 2\n'}
[4.465666] (sub0227) CommandEnded: {'returncode': 2}
[4.474101] (sub0227) JobEnded: {'identifier': 'sub0227', 'rc': 2}
[4.485243] (-) EventReactorShutdown: {}
