[35m[1mScanning dependencies of target diablo_ctrl_node[0m
[ 50%] [32mBuilding CXX object CMakeFiles/diablo_ctrl_node.dir/src/diablo_ctrl.cpp.o[0m
[01m[K/home/y/SA_CAO/src/diablo_ros2/diablo_interaction/diablo_ctrl/src/diablo_ctrl.cpp:103:6:[m[K [01;31m[Kerror: [m[Kinvalid preprocessing directive #DIABLO
  103 |     #[01;31m[KDIABLO[m[K::OSDK::HAL_Pi Hal;
      |      [01;31m[K^~~~~~[m[K
[01m[K/home/y/SA_CAO/src/diablo_ros2/diablo_interaction/diablo_ctrl/src/diablo_ctrl.cpp:104:12:[m[K [01;31m[Kerror: [m[Ktoken "." is not valid in preprocessor expressions
  104 |     #if(Hal[01;31m[K.[m[Kinit("/dev/ttyS3")) return -1;
      |            [01;31m[K^[m[K
[01m[K/home/y/SA_CAO/src/diablo_ros2/diablo_interaction/diablo_ctrl/src/diablo_ctrl.cpp:107:[m[K [01;31m[Kerror: [m[Kunterminated #if
  107 |     #if(vehicle.init()) return -1;
      | 
[01m[K/home/y/SA_CAO/src/diablo_ros2/diablo_interaction/diablo_ctrl/src/diablo_ctrl.cpp:104:[m[K [01;31m[Kerror: [m[Kunterminated #if
  104 |     #if(Hal.init("/dev/ttyS3")) return -1;
      | 
[01m[K/home/y/SA_CAO/src/diablo_ros2/diablo_interaction/diablo_ctrl/src/diablo_ctrl.cpp:[m[K In function â€˜[01m[Kint main(int, char**)[m[Kâ€™:
[01m[K/home/y/SA_CAO/src/diablo_ros2/diablo_interaction/diablo_ctrl/src/diablo_ctrl.cpp:101:69:[m[K [01;31m[Kerror: [m[Kexpected â€˜[01m[K}[m[Kâ€™ at end of input
  101 |     auto node = std::make_shared<diabloCtrlNode>("diablo_ctrl_node")[01;31m[K;[m[K
      |                                                                     [01;31m[K^[m[K
[01m[K/home/y/SA_CAO/src/diablo_ros2/diablo_interaction/diablo_ctrl/src/diablo_ctrl.cpp:99:1:[m[K [01;36m[Knote: [m[Kto match this â€˜[01m[K{[m[Kâ€™
   99 | [01;36m[K{[m[K
      | [01;36m[K^[m[K
make[2]: *** [CMakeFiles/diablo_ctrl_node.dir/build.make:63: CMakeFiles/diablo_ctrl_node.dir/src/diablo_ctrl.cpp.o] Error 1
make[1]: *** [CMakeFiles/Makefile2:78: CMakeFiles/diablo_ctrl_node.dir/all] Error 2
make: *** [Makefile:141: all] Error 2
