[0.016s] Invoking command in '/home/y/SA_CAO/build/sub0227': CMAKE_PREFIX_PATH=/home/y/SA_CAO/install/sub0227:/home/y/SA_CAO/install/diablo_simpose_trans:/home/y/SA_CAO/install/diablo_ctrl:/home/y/SA_CAO/install/diablo_body:/home/y/SA_CAO/install/diablo_utils:/home/y/SA_CAO/install/diablo_rviz2_control_plugin:/home/y/SA_CAO/install/motion_msgs:/home/y/SA_CAO/install/ception_msgs:/home/y/ws/install/turtlebot3:/home/y/ws/install/turtlebot3_simulations:/home/y/ws/install/turtlebot3_bringup:/home/y/ws/install/turtlebot3_node:/home/y/ws/install/turtlebot3_navigation2:/home/y/ws/install/turtlebot3_fake_node:/home/y/ws/install/turtlebot3_msgs:/home/y/ws/install/turtlebot3_gazebo:/home/y/ws/install/turtlebot3_description:/home/y/ws/install/turtlebot3_cartographer:/home/y/ws/install/sub0227:/home/y/ws/install/hls_lfcd_lds_driver:/home/y/ws/install/dynamixel_sdk_examples:/home/y/ws/install/dynamixel_sdk_custom_interfaces:/home/y/ws/install/dynamixel_sdk:/home/y/SA_CAO/install/robot_launch:/home/y/SA_CAO/install/my_xbox_joystick:/home/y/SA_CAO/install/diablo_teleop:/home/y/SA_CAO/install/diablo_simulation:/home/y/ws/install/turtlebot3_teleop:/home/y/ws/install/turtlebot3_example:/home/y/ws/install/robot_launch:/home/y/ws/install/my_xbox_joystick:/opt/ros/foxy:/home/y/oradar_ros/install/oradar_lidar /usr/bin/cmake --build /home/y/SA_CAO/build/sub0227 -- -j2 -l2
[0.029s] /usr/bin/cmake -S/home/y/SA_CAO/src/sub0227 -B/home/y/SA_CAO/build/sub0227 --check-build-system CMakeFiles/Makefile.cmake 0
[0.047s] -- Found ament_cmake: 0.9.12 (/opt/ros/foxy/share/ament_cmake/cmake)
[0.074s] -- Using PYTHON_EXECUTABLE: /usr/bin/python3
[0.239s] -- Found ament_cmake_ros: 0.9.2 (/opt/ros/foxy/share/ament_cmake_ros/cmake)
[0.244s] -- Found geometry_msgs: 2.0.5 (/opt/ros/foxy/share/geometry_msgs/cmake)
[0.276s] -- Using all available rosidl_typesupport_c: rosidl_typesupport_fastrtps_c;rosidl_typesupport_introspection_c
[0.281s] -- Found rosidl_adapter: 1.3.1 (/opt/ros/foxy/share/rosidl_adapter/cmake)
[0.443s] -- Using all available rosidl_typesupport_cpp: rosidl_typesupport_fastrtps_cpp;rosidl_typesupport_introspection_cpp
[0.541s] -- Found rclcpp: 2.4.3 (/opt/ros/foxy/share/rclcpp/cmake)
[0.588s] -- Found rmw_implementation_cmake: 1.0.4 (/opt/ros/foxy/share/rmw_implementation_cmake/cmake)
[0.591s] -- Using RMW implementation 'rmw_fastrtps_cpp' as default
[0.731s] -- Found sensor_msgs: 2.0.5 (/opt/ros/foxy/share/sensor_msgs/cmake)
[0.863s] -- Configuring done
[0.878s] -- Generating done
[0.884s] -- Build files have been written to: /home/y/SA_CAO/build/sub0227
[0.890s] /usr/bin/cmake -E cmake_progress_start /home/y/SA_CAO/build/sub0227/CMakeFiles /home/y/SA_CAO/build/sub0227/CMakeFiles/progress.marks
[0.900s] /usr/bin/make -f CMakeFiles/Makefile2 all
[0.901s] make[1]: Entering directory '/home/y/SA_CAO/build/sub0227'
[0.902s] /usr/bin/make -f CMakeFiles/Sub0227.dir/build.make CMakeFiles/Sub0227.dir/depend
[0.907s] make[2]: Entering directory '/home/y/SA_CAO/build/sub0227'
[0.907s] cd /home/y/SA_CAO/build/sub0227 && /usr/bin/cmake -E cmake_depends "Unix Makefiles" /home/y/SA_CAO/src/sub0227 /home/y/SA_CAO/src/sub0227 /home/y/SA_CAO/build/sub0227 /home/y/SA_CAO/build/sub0227 /home/y/SA_CAO/build/sub0227/CMakeFiles/Sub0227.dir/DependInfo.cmake --color=
[0.942s] Scanning dependencies of target Sub0227
[0.943s] make[2]: Leaving directory '/home/y/SA_CAO/build/sub0227'
[0.943s] /usr/bin/make -f CMakeFiles/Sub0227.dir/build.make CMakeFiles/Sub0227.dir/build
[0.954s] make[2]: Entering directory '/home/y/SA_CAO/build/sub0227'
[0.963s] [ 20%] Building CXX object CMakeFiles/Sub0227.dir/src/Sub0227.cpp.o
[0.963s] [ 10%] Building CXX object CMakeFiles/Sub0227.dir/src/Sub0227_data.cpp.o
[0.964s] /usr/bin/c++  -DDEFAULT_RMW_IMPLEMENTATION=rmw_fastrtps_cpp -DRCUTILS_ENABLE_FAULT_INJECTION -DROS_PACKAGE_NAME=\"sub0227\" -DSPDLOG_COMPILED_LIB -I/home/y/SA_CAO/src/sub0227/include/sub0227 -I/home/y/SA_CAO/src/sub0227/include -isystem /opt/ros/foxy/include  -O3 -DNDEBUG   -Wall -Wextra -Wpedantic -DMODEL=Sub0227 -DNUMST=1 -DNCSTATES=0 -DHAVESTDIO -DMODEL_HAS_DYNAMICALLY_LOADED_SFCNS=0 -DCLASSIC_INTERFACE=0 -DALLOCATIONFCN=0 -DTID01EQ=0 -DTERMFCN=1 -DONESTEPFCN=1 -DMAT_FILE=0 -DMULTI_INSTANCE_CODE=1 -DINTEGER_CODE=0 -DMT=0 -DROS2_PROJECT -DSTACK_SIZE=64 -D__MW_TARGET_USE_HARDWARE_RESOURCES_H__ -DRT=RT -fpermissive -std=gnu++17 -o CMakeFiles/Sub0227.dir/src/Sub0227.cpp.o -c /home/y/SA_CAO/src/sub0227/src/Sub0227.cpp
[0.965s] /usr/bin/c++  -DDEFAULT_RMW_IMPLEMENTATION=rmw_fastrtps_cpp -DRCUTILS_ENABLE_FAULT_INJECTION -DROS_PACKAGE_NAME=\"sub0227\" -DSPDLOG_COMPILED_LIB -I/home/y/SA_CAO/src/sub0227/include/sub0227 -I/home/y/SA_CAO/src/sub0227/include -isystem /opt/ros/foxy/include  -O3 -DNDEBUG   -Wall -Wextra -Wpedantic -DMODEL=Sub0227 -DNUMST=1 -DNCSTATES=0 -DHAVESTDIO -DMODEL_HAS_DYNAMICALLY_LOADED_SFCNS=0 -DCLASSIC_INTERFACE=0 -DALLOCATIONFCN=0 -DTID01EQ=0 -DTERMFCN=1 -DONESTEPFCN=1 -DMAT_FILE=0 -DMULTI_INSTANCE_CODE=1 -DINTEGER_CODE=0 -DMT=0 -DROS2_PROJECT -DSTACK_SIZE=64 -D__MW_TARGET_USE_HARDWARE_RESOURCES_H__ -DRT=RT -fpermissive -std=gnu++17 -o CMakeFiles/Sub0227.dir/src/Sub0227_data.cpp.o -c /home/y/SA_CAO/src/sub0227/src/Sub0227_data.cpp
[2.488s] In file included from /home/y/SA_CAO/src/sub0227/include/sub0227/slros2_initialize.h:7,
[2.488s]                  from /home/y/SA_CAO/src/sub0227/include/sub0227/Sub0227.h:22,
[2.488s]                  from /home/y/SA_CAO/src/sub0227/src/Sub0227_data.cpp:19:
[2.488s] /home/y/SA_CAO/src/sub0227/include/sub0227/slros2_generic_pubsub.h: In member function 'void SimulinkSubscriber<MsgType, BusType>::createSubscriber(const string&, const rmw_qos_profile_t&)':
[2.488s] /home/y/SA_CAO/src/sub0227/include/sub0227/slros2_generic_pubsub.h:107:42: error: 'struct rclcpp::SubscriptionEventCallbacks' has no member named 'message_lost_callback'
[2.488s]   107 |     subscription_options.event_callbacks.message_lost_callback = [this, topic](const rclcpp::QOSMessageLostInfo& event) {
[2.488s]       |                                          ^~~~~~~~~~~~~~~~~~~~~
[2.489s] /home/y/SA_CAO/src/sub0227/include/sub0227/slros2_generic_pubsub.h:107:94: error: 'QOSMessageLostInfo' in namespace 'rclcpp' does not name a type
[2.489s]   107 |     subscription_options.event_callbacks.message_lost_callback = [this, topic](const rclcpp::QOSMessageLostInfo& event) {
[2.489s]       |                                                                                              ^~~~~~~~~~~~~~~~~~
[2.489s] /home/y/SA_CAO/src/sub0227/include/sub0227/slros2_generic_pubsub.h:109:6: error: expected ')' before ';' token
[2.489s]   109 |     };
[2.489s]       |      ^
[2.489s]       |      )
[2.490s] /home/y/SA_CAO/src/sub0227/include/sub0227/slros2_generic_pubsub.h:107:79: note: to match this '('
[2.490s]   107 |     subscription_options.event_callbacks.message_lost_callback = [this, topic](const rclcpp::QOSMessageLostInfo& event) {
[2.490s]       |                                                                               ^
[2.490s] /home/y/SA_CAO/src/sub0227/include/sub0227/slros2_generic_pubsub.h: In lambda function:
[2.490s] /home/y/SA_CAO/src/sub0227/include/sub0227/slros2_generic_pubsub.h:109:6: error: expected '{' before ';' token
[2.490s]   109 |     };
[2.490s]       |      ^
[2.518s] In file included from /home/y/SA_CAO/src/sub0227/include/sub0227/slros2_initialize.h:7,
[2.518s]                  from /home/y/SA_CAO/src/sub0227/include/sub0227/Sub0227.h:22,
[2.518s]                  from /home/y/SA_CAO/src/sub0227/src/Sub0227.cpp:19:
[2.518s] /home/y/SA_CAO/src/sub0227/include/sub0227/slros2_generic_pubsub.h: In member function 'void SimulinkSubscriber<MsgType, BusType>::createSubscriber(const string&, const rmw_qos_profile_t&)':
[2.518s] /home/y/SA_CAO/src/sub0227/include/sub0227/slros2_generic_pubsub.h:107:42: error: 'struct rclcpp::SubscriptionEventCallbacks' has no member named 'message_lost_callback'
[2.518s]   107 |     subscription_options.event_callbacks.message_lost_callback = [this, topic](const rclcpp::QOSMessageLostInfo& event) {
[2.519s]       |                                          ^~~~~~~~~~~~~~~~~~~~~
[2.519s] /home/y/SA_CAO/src/sub0227/include/sub0227/slros2_generic_pubsub.h:107:94: error: 'QOSMessageLostInfo' in namespace 'rclcpp' does not name a type
[2.519s]   107 |     subscription_options.event_callbacks.message_lost_callback = [this, topic](const rclcpp::QOSMessageLostInfo& event) {
[2.519s]       |                                                                                              ^~~~~~~~~~~~~~~~~~
[2.519s] /home/y/SA_CAO/src/sub0227/include/sub0227/slros2_generic_pubsub.h:109:6: error: expected ')' before ';' token
[2.519s]   109 |     };
[2.519s]       |      ^
[2.519s]       |      )
[2.519s] /home/y/SA_CAO/src/sub0227/include/sub0227/slros2_generic_pubsub.h:107:79: note: to match this '('
[2.519s]   107 |     subscription_options.event_callbacks.message_lost_callback = [this, topic](const rclcpp::QOSMessageLostInfo& event) {
[2.519s]       |                                                                               ^
[2.520s] /home/y/SA_CAO/src/sub0227/include/sub0227/slros2_generic_pubsub.h: In lambda function:
[2.520s] /home/y/SA_CAO/src/sub0227/include/sub0227/slros2_generic_pubsub.h:109:6: error: expected '{' before ';' token
[2.520s]   109 |     };
[2.520s]       |      ^
[2.894s] make[2]: *** [CMakeFiles/Sub0227.dir/build.make:79: CMakeFiles/Sub0227.dir/src/Sub0227_data.cpp.o] Error 1
[2.894s] make[2]: *** Waiting for unfinished jobs....
[4.461s] make[2]: *** [CMakeFiles/Sub0227.dir/build.make:66: CMakeFiles/Sub0227.dir/src/Sub0227.cpp.o] Error 1
[4.461s] make[1]: *** [CMakeFiles/Makefile2:81: CMakeFiles/Sub0227.dir/all] Error 2
[4.461s] make[2]: Leaving directory '/home/y/SA_CAO/build/sub0227'
[4.461s] make[1]: Leaving directory '/home/y/SA_CAO/build/sub0227'
[4.461s] make: *** [Makefile:144: all] Error 2
[4.465s] Invoked command in '/home/y/SA_CAO/build/sub0227' returned '2': CMAKE_PREFIX_PATH=/home/y/SA_CAO/install/sub0227:/home/y/SA_CAO/install/diablo_simpose_trans:/home/y/SA_CAO/install/diablo_ctrl:/home/y/SA_CAO/install/diablo_body:/home/y/SA_CAO/install/diablo_utils:/home/y/SA_CAO/install/diablo_rviz2_control_plugin:/home/y/SA_CAO/install/motion_msgs:/home/y/SA_CAO/install/ception_msgs:/home/y/ws/install/turtlebot3:/home/y/ws/install/turtlebot3_simulations:/home/y/ws/install/turtlebot3_bringup:/home/y/ws/install/turtlebot3_node:/home/y/ws/install/turtlebot3_navigation2:/home/y/ws/install/turtlebot3_fake_node:/home/y/ws/install/turtlebot3_msgs:/home/y/ws/install/turtlebot3_gazebo:/home/y/ws/install/turtlebot3_description:/home/y/ws/install/turtlebot3_cartographer:/home/y/ws/install/sub0227:/home/y/ws/install/hls_lfcd_lds_driver:/home/y/ws/install/dynamixel_sdk_examples:/home/y/ws/install/dynamixel_sdk_custom_interfaces:/home/y/ws/install/dynamixel_sdk:/home/y/SA_CAO/install/robot_launch:/home/y/SA_CAO/install/my_xbox_joystick:/home/y/SA_CAO/install/diablo_teleop:/home/y/SA_CAO/install/diablo_simulation:/home/y/ws/install/turtlebot3_teleop:/home/y/ws/install/turtlebot3_example:/home/y/ws/install/robot_launch:/home/y/ws/install/my_xbox_joystick:/opt/ros/foxy:/home/y/oradar_ros/install/oradar_lidar /usr/bin/cmake --build /home/y/SA_CAO/build/sub0227 -- -j2 -l2
